<?xml version="1.0" encoding="UTF-8"?>
<!-- Generated by org.testng.reporters.JUnitReportReporter -->
<testsuite hostname="dineshkila" failures="0" tests="8" name="api.testcases.DDTests" time="9.199" errors="0" timestamp="2023-09-13T11:50:28 IST" skipped="0">
  <testcase classname="api.testcases.DDTests" name="testPostUer" time="1.179"/>
  <system-out/>
  <testcase classname="api.testcases.DDTests" name="testPostUer" time="1.120"/>
  <system-out/>
  <testcase classname="api.testcases.DDTests" name="testPostUer" time="1.111"/>
  <system-out/>
  <testcase classname="api.testcases.DDTests" name="testPostUer" time="1.157"/>
  <system-out/>
  <testcase classname="api.testcases.DDTests" name="testDeleteUser" time="1.199"/>
  <system-out/>
  <testcase classname="api.testcases.DDTests" name="testDeleteUser" time="1.151"/>
  <system-out/>
  <testcase classname="api.testcases.DDTests" name="testDeleteUser" time="1.135"/>
  <system-out/>
  <testcase classname="api.testcases.DDTests" name="testDeleteUser" time="1.147"/>
  <system-out/>
</testsuite> <!-- api.testcases.DDTests -->
