<?xml version="1.0" encoding="UTF-8"?>
<!-- Generated by org.testng.reporters.JUnitReportReporter -->
<testsuite hostname="dineshkila" failures="0" tests="3" name="api.testcases.UserTest" time="8.083" errors="0" timestamp="2023-09-13T11:50:28 IST" skipped="0">
  <testcase classname="api.testcases.UserTest" name="testCreateUser" time="5.642"/>
  <system-out/>
  <testcase classname="api.testcases.UserTest" name="testGetUserByName" time="1.286"/>
  <system-out/>
  <testcase classname="api.testcases.UserTest" name="testDeleteUserByName" time="1.155"/>
  <system-out/>
</testsuite> <!-- api.testcases.UserTest -->
