<?xml version="1.0" encoding="UTF-8"?>
<!-- Generated by org.testng.reporters.JUnitReportReporter -->
<testsuite hostname="dineshkila" failures="0" tests="3" name="api.testcases.UserTest" time="8.859" errors="0" timestamp="2023-09-13T11:52:57 IST" skipped="0">
  <testcase classname="api.testcases.UserTest" name="testCreateUser" time="6.494"/>
  <system-out/>
  <testcase classname="api.testcases.UserTest" name="testGetUserByName" time="1.183"/>
  <system-out/>
  <testcase classname="api.testcases.UserTest" name="testDeleteUserByName" time="1.182"/>
  <system-out/>
</testsuite> <!-- api.testcases.UserTest -->
